2025-03-10 21:40:39 DEBUG    Received 10000 configurations to tabularize.
2025-03-10 21:40:39 DEBUG    Random search iter 0 performance: 31885.078903252746
2025-03-10 21:40:39 DEBUG    Random search iter 1 performance: 28994.693230881137
2025-03-10 21:40:39 DEBUG    Random search iter 2 performance: 19227.681182110893
2025-03-10 21:40:39 DEBUG    Random search iter 3 performance: 17143.94218057497
2025-03-10 21:40:39 DEBUG    Random search iter 4 performance: 29705.250905708195
2025-03-10 21:40:39 DEBUG    Random search iter 5 performance: 13397.377291055855
2025-03-10 21:40:39 DEBUG    Random search iter 6 performance: 18153.05671216036
2025-03-10 21:40:39 DEBUG    Random search iter 7 performance: 18521.486210246196
2025-03-10 21:40:39 DEBUG    Random search iter 8 performance: 27081.140928870216
2025-03-10 21:40:39 DEBUG    Random search iter 9 performance: 13512.966562237614
2025-03-10 21:40:39 DEBUG    Random search iter 10 performance: 39100.01562549758
2025-03-10 21:40:39 DEBUG    Random search iter 11 performance: 19566.667971571842
2025-03-10 21:40:39 DEBUG    Random search iter 12 performance: 20205.23789782794
2025-03-10 21:40:39 DEBUG    Random search iter 13 performance: 9349.129705719704
2025-03-10 21:40:39 DEBUG    Random search iter 14 performance: 26983.698076963785
2025-03-10 21:40:39 DEBUG    Random search iter 15 performance: 18634.12821069941
2025-03-10 21:40:39 DEBUG    Random search iter 16 performance: 30182.846520825453
2025-03-10 21:40:39 DEBUG    Random search iter 17 performance: 13262.504937810669
2025-03-10 21:40:39 DEBUG    Random search iter 18 performance: 21088.277641596826
2025-03-10 21:40:39 DEBUG    Random search iter 19 performance: 22671.13678846231
2025-03-10 21:40:39 DEBUG    Minimum performance in searcher data: 9349.129705719704
2025-03-10 21:40:39 DEBUG    Maximum performance in searcher data: 39100.01562549758
2025-03-10 21:40:39 DEBUG    Conformal search iter 0 performance: 17989.078448009855
2025-03-10 21:40:39 DEBUG    Minimum performance in searcher data: 9349.129705719704
2025-03-10 21:40:39 DEBUG    Maximum performance in searcher data: 39100.01562549758
2025-03-10 21:40:39 DEBUG    Conformal search iter 1 performance: 19447.559209166597
2025-03-10 21:40:39 DEBUG    Minimum performance in searcher data: 9349.129705719704
2025-03-10 21:40:39 DEBUG    Maximum performance in searcher data: 39100.01562549758
2025-03-10 21:40:39 DEBUG    Conformal search iter 2 performance: 9804.494146921206
2025-03-10 21:40:39 DEBUG    Minimum performance in searcher data: 9349.129705719704
2025-03-10 21:40:39 DEBUG    Maximum performance in searcher data: 39100.01562549758
2025-03-10 21:40:39 DEBUG    Conformal search iter 3 performance: 7755.2944015665635
2025-03-10 21:40:39 DEBUG    Minimum performance in searcher data: 7755.2944015665635
2025-03-10 21:40:39 DEBUG    Maximum performance in searcher data: 39100.01562549758
2025-03-10 21:40:39 DEBUG    Conformal search iter 4 performance: 8328.99648534027
2025-03-10 21:40:39 DEBUG    Minimum performance in searcher data: 7755.2944015665635
2025-03-10 21:40:39 DEBUG    Maximum performance in searcher data: 39100.01562549758
2025-03-10 21:40:39 DEBUG    Conformal search iter 5 performance: 13123.911217590943
2025-03-10 21:40:39 DEBUG    Minimum performance in searcher data: 7755.2944015665635
2025-03-10 21:40:39 DEBUG    Maximum performance in searcher data: 39100.01562549758
2025-03-10 21:40:39 DEBUG    Conformal search iter 6 performance: 10453.285774960967
2025-03-10 21:40:39 DEBUG    Minimum performance in searcher data: 7755.2944015665635
2025-03-10 21:40:39 DEBUG    Maximum performance in searcher data: 39100.01562549758
2025-03-10 21:40:39 DEBUG    Conformal search iter 7 performance: 9175.831419119175
2025-03-10 21:40:39 DEBUG    Minimum performance in searcher data: 7755.2944015665635
2025-03-10 21:40:39 DEBUG    Maximum performance in searcher data: 39100.01562549758
2025-03-10 21:40:39 DEBUG    Conformal search iter 8 performance: 6980.732312961935
2025-03-10 21:40:39 DEBUG    Minimum performance in searcher data: 6980.732312961935
2025-03-10 21:40:39 DEBUG    Maximum performance in searcher data: 39100.01562549758
2025-03-10 21:40:39 DEBUG    Conformal search iter 9 performance: 8916.248522462123
2025-03-10 21:40:39 DEBUG    Minimum performance in searcher data: 6980.732312961935
2025-03-10 21:40:39 DEBUG    Maximum performance in searcher data: 39100.01562549758
2025-03-10 21:40:39 DEBUG    Conformal search iter 10 performance: 11039.338910655928
2025-03-10 21:40:39 DEBUG    Minimum performance in searcher data: 6980.732312961935
2025-03-10 21:40:39 DEBUG    Maximum performance in searcher data: 39100.01562549758
2025-03-10 21:40:40 DEBUG    Conformal search iter 11 performance: 4134.005842956638
2025-03-10 21:40:40 DEBUG    Minimum performance in searcher data: 4134.005842956638
2025-03-10 21:40:40 DEBUG    Maximum performance in searcher data: 39100.01562549758
2025-03-10 21:40:40 DEBUG    Conformal search iter 12 performance: 2321.347357667601
2025-03-10 21:40:40 DEBUG    Minimum performance in searcher data: 2321.347357667601
2025-03-10 21:40:40 DEBUG    Maximum performance in searcher data: 39100.01562549758
2025-03-10 21:40:40 DEBUG    Conformal search iter 13 performance: 6598.963806794836
2025-03-10 21:40:40 DEBUG    Minimum performance in searcher data: 2321.347357667601
2025-03-10 21:40:40 DEBUG    Maximum performance in searcher data: 39100.01562549758
2025-03-10 21:40:40 DEBUG    Conformal search iter 14 performance: 7200.458392434494
2025-03-10 21:40:40 DEBUG    Minimum performance in searcher data: 2321.347357667601
2025-03-10 21:40:40 DEBUG    Maximum performance in searcher data: 39100.01562549758
2025-03-10 21:40:40 DEBUG    Conformal search iter 15 performance: 8413.784626745364
2025-03-10 21:40:40 DEBUG    Minimum performance in searcher data: 2321.347357667601
2025-03-10 21:40:40 DEBUG    Maximum performance in searcher data: 39100.01562549758
2025-03-10 21:40:40 DEBUG    Conformal search iter 16 performance: 11795.633351463886
2025-03-10 21:40:40 DEBUG    Minimum performance in searcher data: 2321.347357667601
2025-03-10 21:40:40 DEBUG    Maximum performance in searcher data: 39100.01562549758
2025-03-10 21:40:40 DEBUG    Conformal search iter 17 performance: 9823.783927221923
2025-03-10 21:40:40 DEBUG    Minimum performance in searcher data: 2321.347357667601
2025-03-10 21:40:40 DEBUG    Maximum performance in searcher data: 39100.01562549758
2025-03-10 21:40:40 DEBUG    Conformal search iter 18 performance: 14779.107752255972
2025-03-10 21:40:40 DEBUG    Minimum performance in searcher data: 2321.347357667601
2025-03-10 21:40:40 DEBUG    Maximum performance in searcher data: 39100.01562549758
2025-03-10 21:40:40 DEBUG    Conformal search iter 19 performance: 12477.694383923612
2025-03-10 21:40:40 DEBUG    Minimum performance in searcher data: 2321.347357667601
2025-03-10 21:40:40 DEBUG    Maximum performance in searcher data: 39100.01562549758
2025-03-10 21:40:40 DEBUG    Conformal search iter 20 performance: 17440.260848427195
2025-03-10 21:40:40 DEBUG    Minimum performance in searcher data: 2321.347357667601
2025-03-10 21:40:40 DEBUG    Maximum performance in searcher data: 39100.01562549758
2025-03-10 21:40:40 DEBUG    Conformal search iter 21 performance: 14552.07373526625
2025-03-10 21:40:40 DEBUG    Minimum performance in searcher data: 2321.347357667601
2025-03-10 21:40:40 DEBUG    Maximum performance in searcher data: 39100.01562549758
2025-03-10 21:40:40 DEBUG    Conformal search iter 22 performance: 4898.459077365413
2025-03-10 21:40:40 DEBUG    Minimum performance in searcher data: 2321.347357667601
2025-03-10 21:40:40 DEBUG    Maximum performance in searcher data: 39100.01562549758
2025-03-10 21:40:40 DEBUG    Conformal search iter 23 performance: 5420.62998676586
2025-03-10 21:40:40 DEBUG    Minimum performance in searcher data: 2321.347357667601
2025-03-10 21:40:40 DEBUG    Maximum performance in searcher data: 39100.01562549758
2025-03-10 21:40:40 DEBUG    Conformal search iter 24 performance: 9468.906852997936
2025-03-10 21:40:40 DEBUG    Minimum performance in searcher data: 2321.347357667601
2025-03-10 21:40:40 DEBUG    Maximum performance in searcher data: 39100.01562549758
2025-03-10 21:40:40 DEBUG    Conformal search iter 25 performance: 6475.165173799507
2025-03-10 21:40:40 DEBUG    Minimum performance in searcher data: 2321.347357667601
2025-03-10 21:40:40 DEBUG    Maximum performance in searcher data: 39100.01562549758
2025-03-10 21:40:40 DEBUG    Conformal search iter 26 performance: 8517.440376527136
2025-03-10 21:40:40 DEBUG    Minimum performance in searcher data: 2321.347357667601
2025-03-10 21:40:40 DEBUG    Maximum performance in searcher data: 39100.01562549758
2025-03-10 21:40:40 DEBUG    Conformal search iter 27 performance: 3438.0059162545767
2025-03-10 21:40:40 DEBUG    Minimum performance in searcher data: 2321.347357667601
2025-03-10 21:40:40 DEBUG    Maximum performance in searcher data: 39100.01562549758
2025-03-10 21:40:41 DEBUG    Conformal search iter 28 performance: 2807.1241228512554
2025-03-10 21:40:41 DEBUG    Minimum performance in searcher data: 2321.347357667601
2025-03-10 21:40:41 DEBUG    Maximum performance in searcher data: 39100.01562549758
2025-03-10 21:40:41 DEBUG    Conformal search iter 29 performance: 16773.385403411652
2025-03-10 21:40:41 DEBUG    Minimum performance in searcher data: 2321.347357667601
2025-03-10 21:40:41 DEBUG    Maximum performance in searcher data: 39100.01562549758
2025-03-10 21:40:41 DEBUG    Conformal search iter 30 performance: 5210.335409758472
2025-03-10 21:40:41 DEBUG    Minimum performance in searcher data: 2321.347357667601
2025-03-10 21:40:41 DEBUG    Maximum performance in searcher data: 39100.01562549758
2025-03-10 21:40:41 DEBUG    Conformal search iter 31 performance: 10332.15160538641
2025-03-10 21:40:41 DEBUG    Minimum performance in searcher data: 2321.347357667601
2025-03-10 21:40:41 DEBUG    Maximum performance in searcher data: 39100.01562549758
2025-03-10 21:40:41 DEBUG    Conformal search iter 32 performance: 5803.509767659456
2025-03-10 21:40:41 DEBUG    Minimum performance in searcher data: 2321.347357667601
2025-03-10 21:40:41 DEBUG    Maximum performance in searcher data: 39100.01562549758
2025-03-10 21:40:41 DEBUG    Conformal search iter 33 performance: 5319.532708515541
2025-03-10 21:40:41 DEBUG    Minimum performance in searcher data: 2321.347357667601
2025-03-10 21:40:41 DEBUG    Maximum performance in searcher data: 39100.01562549758
2025-03-10 21:40:41 DEBUG    Conformal search iter 34 performance: 8473.800659595841
2025-03-10 21:40:41 DEBUG    Minimum performance in searcher data: 2321.347357667601
2025-03-10 21:40:41 DEBUG    Maximum performance in searcher data: 39100.01562549758
2025-03-10 21:40:41 DEBUG    Conformal search iter 35 performance: 7644.875606283787
2025-03-10 21:40:41 DEBUG    Minimum performance in searcher data: 2321.347357667601
2025-03-10 21:40:41 DEBUG    Maximum performance in searcher data: 39100.01562549758
2025-03-10 21:40:41 DEBUG    Conformal search iter 36 performance: 5950.862267079937
2025-03-10 21:40:41 DEBUG    Minimum performance in searcher data: 2321.347357667601
2025-03-10 21:40:41 DEBUG    Maximum performance in searcher data: 39100.01562549758
2025-03-10 21:40:41 DEBUG    Conformal search iter 37 performance: 6590.28890800799
2025-03-10 21:40:41 DEBUG    Minimum performance in searcher data: 2321.347357667601
2025-03-10 21:40:41 DEBUG    Maximum performance in searcher data: 39100.01562549758
2025-03-10 21:40:41 DEBUG    Conformal search iter 38 performance: 6130.0360852735475
2025-03-10 21:40:41 DEBUG    Minimum performance in searcher data: 2321.347357667601
2025-03-10 21:40:41 DEBUG    Maximum performance in searcher data: 39100.01562549758
2025-03-10 21:40:41 DEBUG    Conformal search iter 39 performance: 10250.015713122923
2025-03-10 21:40:41 DEBUG    Minimum performance in searcher data: 2321.347357667601
2025-03-10 21:40:41 DEBUG    Maximum performance in searcher data: 39100.01562549758
2025-03-10 21:40:41 DEBUG    Conformal search iter 40 performance: 12850.303757576201
2025-03-10 21:40:41 DEBUG    Minimum performance in searcher data: 2321.347357667601
2025-03-10 21:40:41 DEBUG    Maximum performance in searcher data: 39100.01562549758
2025-03-10 21:40:41 DEBUG    Conformal search iter 41 performance: 11698.97512026002
2025-03-10 21:40:41 DEBUG    Minimum performance in searcher data: 2321.347357667601
2025-03-10 21:40:41 DEBUG    Maximum performance in searcher data: 39100.01562549758
2025-03-10 21:40:41 DEBUG    Conformal search iter 42 performance: 8901.90456110777
2025-03-10 21:40:41 DEBUG    Minimum performance in searcher data: 2321.347357667601
2025-03-10 21:40:41 DEBUG    Maximum performance in searcher data: 39100.01562549758
2025-03-10 21:40:41 DEBUG    Conformal search iter 43 performance: 7910.226927667619
2025-03-10 21:40:41 DEBUG    Minimum performance in searcher data: 2321.347357667601
2025-03-10 21:40:41 DEBUG    Maximum performance in searcher data: 39100.01562549758
2025-03-10 21:40:41 DEBUG    Conformal search iter 44 performance: 9374.755030026961
2025-03-10 21:40:41 DEBUG    Minimum performance in searcher data: 2321.347357667601
2025-03-10 21:40:41 DEBUG    Maximum performance in searcher data: 39100.01562549758
2025-03-10 21:40:41 DEBUG    Conformal search iter 45 performance: 6972.499119016043
2025-03-10 21:40:41 DEBUG    Minimum performance in searcher data: 2321.347357667601
2025-03-10 21:40:41 DEBUG    Maximum performance in searcher data: 39100.01562549758
2025-03-10 21:40:41 DEBUG    Conformal search iter 46 performance: 13767.389767368346
2025-03-10 21:40:41 DEBUG    Minimum performance in searcher data: 2321.347357667601
2025-03-10 21:40:41 DEBUG    Maximum performance in searcher data: 39100.01562549758
2025-03-10 21:40:42 DEBUG    Conformal search iter 47 performance: 7453.950991411326
2025-03-10 21:40:42 DEBUG    Minimum performance in searcher data: 2321.347357667601
2025-03-10 21:40:42 DEBUG    Maximum performance in searcher data: 39100.01562549758
2025-03-10 21:40:42 DEBUG    Conformal search iter 48 performance: 12553.332289280126
2025-03-10 21:40:42 DEBUG    Minimum performance in searcher data: 2321.347357667601
2025-03-10 21:40:42 DEBUG    Maximum performance in searcher data: 39100.01562549758
2025-03-10 21:40:42 DEBUG    Conformal search iter 49 performance: 6428.2730010462255
2025-03-10 21:40:42 DEBUG    Minimum performance in searcher data: 2321.347357667601
2025-03-10 21:40:42 DEBUG    Maximum performance in searcher data: 39100.01562549758
2025-03-10 21:40:42 DEBUG    Conformal search iter 50 performance: 4206.705769003072
2025-03-10 21:40:42 DEBUG    Minimum performance in searcher data: 2321.347357667601
2025-03-10 21:40:42 DEBUG    Maximum performance in searcher data: 39100.01562549758
2025-03-10 21:40:42 DEBUG    Conformal search iter 51 performance: 5820.3496375147915
2025-03-10 21:40:42 DEBUG    Minimum performance in searcher data: 2321.347357667601
2025-03-10 21:40:42 DEBUG    Maximum performance in searcher data: 39100.01562549758
2025-03-10 21:40:42 DEBUG    Conformal search iter 52 performance: 10406.758050632869
2025-03-10 21:40:42 DEBUG    Minimum performance in searcher data: 2321.347357667601
2025-03-10 21:40:42 DEBUG    Maximum performance in searcher data: 39100.01562549758
2025-03-10 21:40:42 DEBUG    Conformal search iter 53 performance: 7694.209728387854
2025-03-10 21:40:42 DEBUG    Minimum performance in searcher data: 2321.347357667601
2025-03-10 21:40:42 DEBUG    Maximum performance in searcher data: 39100.01562549758
2025-03-10 21:40:42 DEBUG    Conformal search iter 54 performance: 10185.893886078982
2025-03-10 21:40:42 DEBUG    Minimum performance in searcher data: 2321.347357667601
2025-03-10 21:40:42 DEBUG    Maximum performance in searcher data: 39100.01562549758
2025-03-10 21:40:42 DEBUG    Conformal search iter 55 performance: 7435.796713596446
2025-03-10 21:40:42 DEBUG    Minimum performance in searcher data: 2321.347357667601
2025-03-10 21:40:42 DEBUG    Maximum performance in searcher data: 39100.01562549758
2025-03-10 21:40:42 DEBUG    Conformal search iter 56 performance: 2517.193163133387
2025-03-10 21:40:42 DEBUG    Minimum performance in searcher data: 2321.347357667601
2025-03-10 21:40:42 DEBUG    Maximum performance in searcher data: 39100.01562549758
2025-03-10 21:40:42 DEBUG    Conformal search iter 57 performance: 7220.361094306636
2025-03-10 21:40:42 DEBUG    Minimum performance in searcher data: 2321.347357667601
2025-03-10 21:40:42 DEBUG    Maximum performance in searcher data: 39100.01562549758
2025-03-10 21:40:42 DEBUG    Conformal search iter 58 performance: 4483.3644003416275
2025-03-10 21:40:42 DEBUG    Minimum performance in searcher data: 2321.347357667601
2025-03-10 21:40:42 DEBUG    Maximum performance in searcher data: 39100.01562549758
2025-03-10 21:40:42 DEBUG    Conformal search iter 59 performance: 3816.306058267164
2025-03-10 21:40:42 DEBUG    Minimum performance in searcher data: 2321.347357667601
2025-03-10 21:40:42 DEBUG    Maximum performance in searcher data: 39100.01562549758
2025-03-10 21:40:42 DEBUG    Conformal search iter 60 performance: 3644.605152978719
2025-03-10 21:40:42 DEBUG    Minimum performance in searcher data: 2321.347357667601
2025-03-10 21:40:42 DEBUG    Maximum performance in searcher data: 39100.01562549758
2025-03-10 21:40:42 DEBUG    Conformal search iter 61 performance: 6508.473100971044
2025-03-10 21:40:42 DEBUG    Minimum performance in searcher data: 2321.347357667601
2025-03-10 21:40:42 DEBUG    Maximum performance in searcher data: 39100.01562549758
2025-03-10 21:40:42 DEBUG    Conformal search iter 62 performance: 8905.964965628898
2025-03-10 21:40:42 DEBUG    Minimum performance in searcher data: 2321.347357667601
2025-03-10 21:40:42 DEBUG    Maximum performance in searcher data: 39100.01562549758
2025-03-10 21:40:42 DEBUG    Conformal search iter 63 performance: 1537.518126819949
2025-03-10 21:40:42 DEBUG    Minimum performance in searcher data: 1537.518126819949
2025-03-10 21:40:42 DEBUG    Maximum performance in searcher data: 39100.01562549758
2025-03-10 21:40:42 DEBUG    Conformal search iter 64 performance: 2813.4796537253455
2025-03-10 21:40:42 DEBUG    Minimum performance in searcher data: 1537.518126819949
2025-03-10 21:40:42 DEBUG    Maximum performance in searcher data: 39100.01562549758
2025-03-10 21:40:42 DEBUG    Conformal search iter 65 performance: 5444.719255466687
2025-03-10 21:40:42 DEBUG    Minimum performance in searcher data: 1537.518126819949
2025-03-10 21:40:42 DEBUG    Maximum performance in searcher data: 39100.01562549758
2025-03-10 21:40:43 DEBUG    Conformal search iter 66 performance: 4088.0519475603696
2025-03-10 21:40:43 DEBUG    Minimum performance in searcher data: 1537.518126819949
2025-03-10 21:40:43 DEBUG    Maximum performance in searcher data: 39100.01562549758
2025-03-10 21:40:43 DEBUG    Conformal search iter 67 performance: 9312.097158337616
2025-03-10 21:40:43 DEBUG    Minimum performance in searcher data: 1537.518126819949
2025-03-10 21:40:43 DEBUG    Maximum performance in searcher data: 39100.01562549758
2025-03-10 21:40:43 DEBUG    Conformal search iter 68 performance: 2863.7769047129086
2025-03-10 21:40:43 DEBUG    Minimum performance in searcher data: 1537.518126819949
2025-03-10 21:40:43 DEBUG    Maximum performance in searcher data: 39100.01562549758
2025-03-10 21:40:43 DEBUG    Conformal search iter 69 performance: 8368.511453483348
2025-03-10 21:40:43 DEBUG    Minimum performance in searcher data: 1537.518126819949
2025-03-10 21:40:43 DEBUG    Maximum performance in searcher data: 39100.01562549758
2025-03-10 21:40:43 DEBUG    Conformal search iter 70 performance: 7736.281271628463
2025-03-10 21:40:43 DEBUG    Minimum performance in searcher data: 1537.518126819949
2025-03-10 21:40:43 DEBUG    Maximum performance in searcher data: 39100.01562549758
2025-03-10 21:40:43 DEBUG    Conformal search iter 71 performance: 4159.338494556498
2025-03-10 21:40:43 DEBUG    Minimum performance in searcher data: 1537.518126819949
2025-03-10 21:40:43 DEBUG    Maximum performance in searcher data: 39100.01562549758
2025-03-10 21:40:43 DEBUG    Conformal search iter 72 performance: 13324.330221574088
2025-03-10 21:40:43 DEBUG    Minimum performance in searcher data: 1537.518126819949
2025-03-10 21:40:43 DEBUG    Maximum performance in searcher data: 39100.01562549758
2025-03-10 21:40:43 DEBUG    Conformal search iter 73 performance: 8949.822451041537
2025-03-10 21:40:43 DEBUG    Minimum performance in searcher data: 1537.518126819949
2025-03-10 21:40:43 DEBUG    Maximum performance in searcher data: 39100.01562549758
2025-03-10 21:40:43 DEBUG    Conformal search iter 74 performance: 4072.3550849596722
2025-03-10 21:40:43 DEBUG    Minimum performance in searcher data: 1537.518126819949
2025-03-10 21:40:43 DEBUG    Maximum performance in searcher data: 39100.01562549758
2025-03-10 21:40:43 DEBUG    Conformal search iter 75 performance: 4922.667610569466
2025-03-10 21:40:43 DEBUG    Minimum performance in searcher data: 1537.518126819949
2025-03-10 21:40:43 DEBUG    Maximum performance in searcher data: 39100.01562549758
2025-03-10 21:40:43 DEBUG    Conformal search iter 76 performance: 5023.277929933757
2025-03-10 21:40:43 DEBUG    Minimum performance in searcher data: 1537.518126819949
2025-03-10 21:40:43 DEBUG    Maximum performance in searcher data: 39100.01562549758
2025-03-10 21:40:43 DEBUG    Conformal search iter 77 performance: 3269.27391198009
2025-03-10 21:40:43 DEBUG    Minimum performance in searcher data: 1537.518126819949
2025-03-10 21:40:43 DEBUG    Maximum performance in searcher data: 39100.01562549758
2025-03-10 21:40:43 DEBUG    Conformal search iter 78 performance: 3503.6638689411407
2025-03-10 21:40:43 DEBUG    Minimum performance in searcher data: 1537.518126819949
2025-03-10 21:40:43 DEBUG    Maximum performance in searcher data: 39100.01562549758
2025-03-10 21:40:43 DEBUG    Conformal search iter 79 performance: 4087.6708452763637
2025-03-10 21:40:43 DEBUG    Received 10000 configurations to tabularize.
2025-03-10 21:40:43 DEBUG    Random search iter 0 performance: 24495.330727562006
2025-03-10 21:40:43 DEBUG    Random search iter 1 performance: 23851.475230458283
2025-03-10 21:40:43 DEBUG    Random search iter 2 performance: 16319.967976275546
2025-03-10 21:40:43 DEBUG    Random search iter 3 performance: 18899.303330422917
2025-03-10 21:40:43 DEBUG    Random search iter 4 performance: 20587.367831140713
2025-03-10 21:40:43 DEBUG    Random search iter 5 performance: 18859.39704376358
2025-03-10 21:40:43 DEBUG    Random search iter 6 performance: 39089.161943222
2025-03-10 21:40:43 DEBUG    Random search iter 7 performance: 34215.444812153706
2025-03-10 21:40:43 DEBUG    Random search iter 8 performance: 22774.650873609502
2025-03-10 21:40:43 DEBUG    Random search iter 9 performance: 35781.309305966395
2025-03-10 21:40:43 DEBUG    Random search iter 10 performance: 12969.007643310952
2025-03-10 21:40:43 DEBUG    Random search iter 11 performance: 22219.59789452135
2025-03-10 21:40:43 DEBUG    Random search iter 12 performance: 24407.966541927522
2025-03-10 21:40:43 DEBUG    Random search iter 13 performance: 27894.491976357014
2025-03-10 21:40:43 DEBUG    Random search iter 14 performance: 10973.061828338352
2025-03-10 21:40:43 DEBUG    Random search iter 15 performance: 38519.7743236517
2025-03-10 21:40:43 DEBUG    Random search iter 16 performance: 30529.45107218046
2025-03-10 21:40:43 DEBUG    Random search iter 17 performance: 39528.584702793436
2025-03-10 21:40:43 DEBUG    Random search iter 18 performance: 29025.666221190793
2025-03-10 21:40:43 DEBUG    Random search iter 19 performance: 30260.79071144437
2025-03-10 21:40:43 DEBUG    Minimum performance in searcher data: 10973.061828338352
2025-03-10 21:40:43 DEBUG    Maximum performance in searcher data: 39528.584702793436
2025-03-10 21:40:44 DEBUG    Conformal search iter 0 performance: 18137.163146279923
2025-03-10 21:40:44 DEBUG    Minimum performance in searcher data: 10973.061828338352
2025-03-10 21:40:44 DEBUG    Maximum performance in searcher data: 39528.584702793436
2025-03-10 21:40:44 DEBUG    Conformal search iter 1 performance: 12824.50052008007
2025-03-10 21:40:44 DEBUG    Minimum performance in searcher data: 10973.061828338352
2025-03-10 21:40:44 DEBUG    Maximum performance in searcher data: 39528.584702793436
2025-03-10 21:40:44 DEBUG    Conformal search iter 2 performance: 14212.438774605745
2025-03-10 21:40:44 DEBUG    Minimum performance in searcher data: 10973.061828338352
2025-03-10 21:40:44 DEBUG    Maximum performance in searcher data: 39528.584702793436
2025-03-10 21:40:44 DEBUG    Conformal search iter 3 performance: 7220.361094306636
2025-03-10 21:40:44 DEBUG    Minimum performance in searcher data: 7220.361094306636
2025-03-10 21:40:44 DEBUG    Maximum performance in searcher data: 39528.584702793436
2025-03-10 21:40:44 DEBUG    Conformal search iter 4 performance: 17769.54590515748
2025-03-10 21:40:44 DEBUG    Minimum performance in searcher data: 7220.361094306636
2025-03-10 21:40:44 DEBUG    Maximum performance in searcher data: 39528.584702793436
2025-03-10 21:40:44 DEBUG    Conformal search iter 5 performance: 21824.516746713278
2025-03-10 21:40:44 DEBUG    Minimum performance in searcher data: 7220.361094306636
2025-03-10 21:40:44 DEBUG    Maximum performance in searcher data: 39528.584702793436
2025-03-10 21:40:44 DEBUG    Conformal search iter 6 performance: 2321.347357667601
2025-03-10 21:40:44 DEBUG    Minimum performance in searcher data: 2321.347357667601
2025-03-10 21:40:44 DEBUG    Maximum performance in searcher data: 39528.584702793436
2025-03-10 21:40:44 DEBUG    Conformal search iter 7 performance: 7803.900493535298
2025-03-10 21:40:44 DEBUG    Minimum performance in searcher data: 2321.347357667601
2025-03-10 21:40:44 DEBUG    Maximum performance in searcher data: 39528.584702793436
2025-03-10 21:40:44 DEBUG    Conformal search iter 8 performance: 2807.1241228512554
2025-03-10 21:40:44 DEBUG    Minimum performance in searcher data: 2321.347357667601
2025-03-10 21:40:44 DEBUG    Maximum performance in searcher data: 39528.584702793436
2025-03-10 21:40:44 DEBUG    Conformal search iter 9 performance: 5210.335409758472
2025-03-10 21:40:44 DEBUG    Minimum performance in searcher data: 2321.347357667601
2025-03-10 21:40:44 DEBUG    Maximum performance in searcher data: 39528.584702793436
2025-03-10 21:40:44 DEBUG    Conformal search iter 10 performance: 12252.24612514416
2025-03-10 21:40:44 DEBUG    Minimum performance in searcher data: 2321.347357667601
2025-03-10 21:40:44 DEBUG    Maximum performance in searcher data: 39528.584702793436
2025-03-10 21:40:44 DEBUG    Conformal search iter 11 performance: 12931.077199264537
2025-03-10 21:40:44 DEBUG    Minimum performance in searcher data: 2321.347357667601
2025-03-10 21:40:44 DEBUG    Maximum performance in searcher data: 39528.584702793436
2025-03-10 21:40:44 DEBUG    Conformal search iter 12 performance: 7330.88099475178
2025-03-10 21:40:44 DEBUG    Minimum performance in searcher data: 2321.347357667601
2025-03-10 21:40:44 DEBUG    Maximum performance in searcher data: 39528.584702793436
2025-03-10 21:40:44 DEBUG    Conformal search iter 13 performance: 4898.459077365413
2025-03-10 21:40:44 DEBUG    Minimum performance in searcher data: 2321.347357667601
2025-03-10 21:40:44 DEBUG    Maximum performance in searcher data: 39528.584702793436
2025-03-10 21:40:44 DEBUG    Conformal search iter 14 performance: 9468.906852997936
2025-03-10 21:40:44 DEBUG    Minimum performance in searcher data: 2321.347357667601
2025-03-10 21:40:44 DEBUG    Maximum performance in searcher data: 39528.584702793436
2025-03-10 21:40:44 DEBUG    Conformal search iter 15 performance: 8909.762545420308
2025-03-10 21:40:44 DEBUG    Minimum performance in searcher data: 2321.347357667601
2025-03-10 21:40:44 DEBUG    Maximum performance in searcher data: 39528.584702793436
2025-03-10 21:40:44 DEBUG    Conformal search iter 16 performance: 18754.838393723632
2025-03-10 21:40:44 DEBUG    Minimum performance in searcher data: 2321.347357667601
2025-03-10 21:40:44 DEBUG    Maximum performance in searcher data: 39528.584702793436
2025-03-10 21:40:45 DEBUG    Conformal search iter 17 performance: 10476.673611489621
2025-03-10 21:40:45 DEBUG    Minimum performance in searcher data: 2321.347357667601
2025-03-10 21:40:45 DEBUG    Maximum performance in searcher data: 39528.584702793436
2025-03-10 21:40:45 DEBUG    Conformal search iter 18 performance: 11095.806287544563
2025-03-10 21:40:45 DEBUG    Minimum performance in searcher data: 2321.347357667601
2025-03-10 21:40:45 DEBUG    Maximum performance in searcher data: 39528.584702793436
2025-03-10 21:40:45 DEBUG    Conformal search iter 19 performance: 9686.778980934849
2025-03-10 21:40:45 DEBUG    Minimum performance in searcher data: 2321.347357667601
2025-03-10 21:40:45 DEBUG    Maximum performance in searcher data: 39528.584702793436
2025-03-10 21:40:45 DEBUG    Conformal search iter 20 performance: 3438.0059162545767
2025-03-10 21:40:45 DEBUG    Minimum performance in searcher data: 2321.347357667601
2025-03-10 21:40:45 DEBUG    Maximum performance in searcher data: 39528.584702793436
2025-03-10 21:40:45 DEBUG    Conformal search iter 21 performance: 4134.005842956638
2025-03-10 21:40:45 DEBUG    Minimum performance in searcher data: 2321.347357667601
2025-03-10 21:40:45 DEBUG    Maximum performance in searcher data: 39528.584702793436
2025-03-10 21:40:45 DEBUG    Conformal search iter 22 performance: 1537.518126819949
2025-03-10 21:40:45 DEBUG    Minimum performance in searcher data: 1537.518126819949
2025-03-10 21:40:45 DEBUG    Maximum performance in searcher data: 39528.584702793436
2025-03-10 21:40:45 DEBUG    Conformal search iter 23 performance: 2863.7769047129086
2025-03-10 21:40:45 DEBUG    Minimum performance in searcher data: 1537.518126819949
2025-03-10 21:40:45 DEBUG    Maximum performance in searcher data: 39528.584702793436
2025-03-10 21:40:45 DEBUG    Conformal search iter 24 performance: 7423.0069952997255
2025-03-10 21:40:45 DEBUG    Minimum performance in searcher data: 1537.518126819949
2025-03-10 21:40:45 DEBUG    Maximum performance in searcher data: 39528.584702793436
2025-03-10 21:40:45 DEBUG    Conformal search iter 25 performance: 2541.055415092373
2025-03-10 21:40:45 DEBUG    Minimum performance in searcher data: 1537.518126819949
2025-03-10 21:40:45 DEBUG    Maximum performance in searcher data: 39528.584702793436
2025-03-10 21:40:45 DEBUG    Conformal search iter 26 performance: 2517.193163133387
2025-03-10 21:40:45 DEBUG    Minimum performance in searcher data: 1537.518126819949
2025-03-10 21:40:45 DEBUG    Maximum performance in searcher data: 39528.584702793436
2025-03-10 21:40:45 DEBUG    Conformal search iter 27 performance: 13666.561973447346
2025-03-10 21:40:45 DEBUG    Minimum performance in searcher data: 1537.518126819949
2025-03-10 21:40:45 DEBUG    Maximum performance in searcher data: 39528.584702793436
2025-03-10 21:40:45 DEBUG    Conformal search iter 28 performance: 5235.952979842396
2025-03-10 21:40:45 DEBUG    Minimum performance in searcher data: 1537.518126819949
2025-03-10 21:40:45 DEBUG    Maximum performance in searcher data: 39528.584702793436
2025-03-10 21:40:45 DEBUG    Conformal search iter 29 performance: 11595.91148355268
2025-03-10 21:40:45 DEBUG    Minimum performance in searcher data: 1537.518126819949
2025-03-10 21:40:45 DEBUG    Maximum performance in searcher data: 39528.584702793436
2025-03-10 21:40:45 DEBUG    Conformal search iter 30 performance: 5918.664793349116
2025-03-10 21:40:45 DEBUG    Minimum performance in searcher data: 1537.518126819949
2025-03-10 21:40:45 DEBUG    Maximum performance in searcher data: 39528.584702793436
2025-03-10 21:40:45 DEBUG    Conformal search iter 31 performance: 4029.175055985744
2025-03-10 21:40:45 DEBUG    Minimum performance in searcher data: 1537.518126819949
2025-03-10 21:40:45 DEBUG    Maximum performance in searcher data: 39528.584702793436
2025-03-10 21:40:45 DEBUG    Conformal search iter 32 performance: 4206.705769003072
2025-03-10 21:40:45 DEBUG    Minimum performance in searcher data: 1537.518126819949
2025-03-10 21:40:45 DEBUG    Maximum performance in searcher data: 39528.584702793436
2025-03-10 21:40:45 DEBUG    Conformal search iter 33 performance: 6210.129948587625
2025-03-10 21:40:45 DEBUG    Minimum performance in searcher data: 1537.518126819949
2025-03-10 21:40:45 DEBUG    Maximum performance in searcher data: 39528.584702793436
2025-03-10 21:40:45 DEBUG    Conformal search iter 34 performance: 10505.490236574524
2025-03-10 21:40:45 DEBUG    Minimum performance in searcher data: 1537.518126819949
2025-03-10 21:40:45 DEBUG    Maximum performance in searcher data: 39528.584702793436
2025-03-10 21:40:45 DEBUG    Conformal search iter 35 performance: 7200.458392434494
2025-03-10 21:40:45 DEBUG    Minimum performance in searcher data: 1537.518126819949
2025-03-10 21:40:45 DEBUG    Maximum performance in searcher data: 39528.584702793436
2025-03-10 21:40:45 DEBUG    Conformal search iter 36 performance: 3503.6638689411407
2025-03-10 21:40:45 DEBUG    Minimum performance in searcher data: 1537.518126819949
2025-03-10 21:40:45 DEBUG    Maximum performance in searcher data: 39528.584702793436
2025-03-10 21:40:46 DEBUG    Conformal search iter 37 performance: 12010.123286100978
2025-03-10 21:40:46 DEBUG    Minimum performance in searcher data: 1537.518126819949
2025-03-10 21:40:46 DEBUG    Maximum performance in searcher data: 39528.584702793436
2025-03-10 21:40:46 DEBUG    Conformal search iter 38 performance: 4579.179820111574
2025-03-10 21:40:46 DEBUG    Minimum performance in searcher data: 1537.518126819949
2025-03-10 21:40:46 DEBUG    Maximum performance in searcher data: 39528.584702793436
2025-03-10 21:40:46 DEBUG    Conformal search iter 39 performance: 2813.4796537253455
2025-03-10 21:40:46 DEBUG    Minimum performance in searcher data: 1537.518126819949
2025-03-10 21:40:46 DEBUG    Maximum performance in searcher data: 39528.584702793436
2025-03-10 21:40:46 DEBUG    Conformal search iter 40 performance: 3269.27391198009
2025-03-10 21:40:46 DEBUG    Minimum performance in searcher data: 1537.518126819949
2025-03-10 21:40:46 DEBUG    Maximum performance in searcher data: 39528.584702793436
2025-03-10 21:40:46 DEBUG    Conformal search iter 41 performance: 6081.31219495339
2025-03-10 21:40:46 DEBUG    Minimum performance in searcher data: 1537.518126819949
2025-03-10 21:40:46 DEBUG    Maximum performance in searcher data: 39528.584702793436
2025-03-10 21:40:46 DEBUG    Conformal search iter 42 performance: 6641.056358905101
2025-03-10 21:40:46 DEBUG    Minimum performance in searcher data: 1537.518126819949
2025-03-10 21:40:46 DEBUG    Maximum performance in searcher data: 39528.584702793436
2025-03-10 21:40:46 DEBUG    Conformal search iter 43 performance: 11499.791960617238
2025-03-10 21:40:46 DEBUG    Minimum performance in searcher data: 1537.518126819949
2025-03-10 21:40:46 DEBUG    Maximum performance in searcher data: 39528.584702793436
2025-03-10 21:40:46 DEBUG    Conformal search iter 44 performance: 3572.8441011807854
2025-03-10 21:40:46 DEBUG    Minimum performance in searcher data: 1537.518126819949
2025-03-10 21:40:46 DEBUG    Maximum performance in searcher data: 39528.584702793436
2025-03-10 21:40:46 DEBUG    Conformal search iter 45 performance: 5339.535295282973
2025-03-10 21:40:46 DEBUG    Minimum performance in searcher data: 1537.518126819949
2025-03-10 21:40:46 DEBUG    Maximum performance in searcher data: 39528.584702793436
2025-03-10 21:40:46 DEBUG    Conformal search iter 46 performance: 5164.514885464043
2025-03-10 21:40:46 DEBUG    Minimum performance in searcher data: 1537.518126819949
2025-03-10 21:40:46 DEBUG    Maximum performance in searcher data: 39528.584702793436
2025-03-10 21:40:46 DEBUG    Conformal search iter 47 performance: 6486.89239953672
2025-03-10 21:40:46 DEBUG    Minimum performance in searcher data: 1537.518126819949
2025-03-10 21:40:46 DEBUG    Maximum performance in searcher data: 39528.584702793436
2025-03-10 21:40:46 DEBUG    Conformal search iter 48 performance: 6311.862065107833
2025-03-10 21:40:46 DEBUG    Minimum performance in searcher data: 1537.518126819949
2025-03-10 21:40:46 DEBUG    Maximum performance in searcher data: 39528.584702793436
2025-03-10 21:40:46 DEBUG    Conformal search iter 49 performance: 4362.950037675548
2025-03-10 21:40:46 DEBUG    Minimum performance in searcher data: 1537.518126819949
2025-03-10 21:40:46 DEBUG    Maximum performance in searcher data: 39528.584702793436
2025-03-10 21:40:46 DEBUG    Conformal search iter 50 performance: 6980.732312961935
2025-03-10 21:40:46 DEBUG    Minimum performance in searcher data: 1537.518126819949
2025-03-10 21:40:46 DEBUG    Maximum performance in searcher data: 39528.584702793436
2025-03-10 21:40:46 DEBUG    Conformal search iter 51 performance: 6852.617942457549
2025-03-10 21:40:46 DEBUG    Minimum performance in searcher data: 1537.518126819949
2025-03-10 21:40:46 DEBUG    Maximum performance in searcher data: 39528.584702793436
2025-03-10 21:40:46 DEBUG    Conformal search iter 52 performance: 3816.306058267164
2025-03-10 21:40:46 DEBUG    Minimum performance in searcher data: 1537.518126819949
2025-03-10 21:40:46 DEBUG    Maximum performance in searcher data: 39528.584702793436
2025-03-10 21:40:46 DEBUG    Conformal search iter 53 performance: 5950.862267079937
2025-03-10 21:40:46 DEBUG    Minimum performance in searcher data: 1537.518126819949
2025-03-10 21:40:46 DEBUG    Maximum performance in searcher data: 39528.584702793436
2025-03-10 21:40:46 DEBUG    Conformal search iter 54 performance: 4088.0519475603696
2025-03-10 21:40:46 DEBUG    Minimum performance in searcher data: 1537.518126819949
2025-03-10 21:40:46 DEBUG    Maximum performance in searcher data: 39528.584702793436
2025-03-10 21:40:46 DEBUG    Conformal search iter 55 performance: 5462.193990872143
2025-03-10 21:40:46 DEBUG    Minimum performance in searcher data: 1537.518126819949
2025-03-10 21:40:46 DEBUG    Maximum performance in searcher data: 39528.584702793436
2025-03-10 21:40:46 DEBUG    Conformal search iter 56 performance: 5444.719255466687
2025-03-10 21:40:46 DEBUG    Minimum performance in searcher data: 1537.518126819949
2025-03-10 21:40:46 DEBUG    Maximum performance in searcher data: 39528.584702793436
2025-03-10 21:40:47 DEBUG    Conformal search iter 57 performance: 4204.868441435088
2025-03-10 21:40:47 DEBUG    Minimum performance in searcher data: 1537.518126819949
2025-03-10 21:40:47 DEBUG    Maximum performance in searcher data: 39528.584702793436
2025-03-10 21:40:47 DEBUG    Conformal search iter 58 performance: 6099.114188869122
2025-03-10 21:40:47 DEBUG    Minimum performance in searcher data: 1537.518126819949
2025-03-10 21:40:47 DEBUG    Maximum performance in searcher data: 39528.584702793436
2025-03-10 21:40:47 DEBUG    Conformal search iter 59 performance: 4436.271416337641
2025-03-10 21:40:47 DEBUG    Minimum performance in searcher data: 1537.518126819949
2025-03-10 21:40:47 DEBUG    Maximum performance in searcher data: 39528.584702793436
2025-03-10 21:40:47 DEBUG    Conformal search iter 60 performance: 8153.796222037223
2025-03-10 21:40:47 DEBUG    Minimum performance in searcher data: 1537.518126819949
2025-03-10 21:40:47 DEBUG    Maximum performance in searcher data: 39528.584702793436
2025-03-10 21:40:47 DEBUG    Conformal search iter 61 performance: 6522.81842705852
2025-03-10 21:40:47 DEBUG    Minimum performance in searcher data: 1537.518126819949
2025-03-10 21:40:47 DEBUG    Maximum performance in searcher data: 39528.584702793436
2025-03-10 21:40:47 DEBUG    Conformal search iter 62 performance: 6364.919354594778
2025-03-10 21:40:47 DEBUG    Minimum performance in searcher data: 1537.518126819949
2025-03-10 21:40:47 DEBUG    Maximum performance in searcher data: 39528.584702793436
2025-03-10 21:40:47 DEBUG    Conformal search iter 63 performance: 3644.605152978719
2025-03-10 21:40:47 DEBUG    Minimum performance in searcher data: 1537.518126819949
2025-03-10 21:40:47 DEBUG    Maximum performance in searcher data: 39528.584702793436
2025-03-10 21:40:47 DEBUG    Conformal search iter 64 performance: 5011.798221607026
2025-03-10 21:40:47 DEBUG    Minimum performance in searcher data: 1537.518126819949
2025-03-10 21:40:47 DEBUG    Maximum performance in searcher data: 39528.584702793436
2025-03-10 21:40:47 DEBUG    Conformal search iter 65 performance: 5025.413820957065
2025-03-10 21:40:47 DEBUG    Minimum performance in searcher data: 1537.518126819949
2025-03-10 21:40:47 DEBUG    Maximum performance in searcher data: 39528.584702793436
2025-03-10 21:40:47 DEBUG    Conformal search iter 66 performance: 5222.822545239131
2025-03-10 21:40:47 DEBUG    Minimum performance in searcher data: 1537.518126819949
2025-03-10 21:40:47 DEBUG    Maximum performance in searcher data: 39528.584702793436
2025-03-10 21:40:47 DEBUG    Conformal search iter 67 performance: 5934.0674654004815
2025-03-10 21:40:47 DEBUG    Minimum performance in searcher data: 1537.518126819949
2025-03-10 21:40:47 DEBUG    Maximum performance in searcher data: 39528.584702793436
2025-03-10 21:40:47 DEBUG    Conformal search iter 68 performance: 4483.3644003416275
2025-03-10 21:40:47 DEBUG    Minimum performance in searcher data: 1537.518126819949
2025-03-10 21:40:47 DEBUG    Maximum performance in searcher data: 39528.584702793436
2025-03-10 21:40:47 DEBUG    Conformal search iter 69 performance: 8859.99231149369
2025-03-10 21:40:47 DEBUG    Minimum performance in searcher data: 1537.518126819949
2025-03-10 21:40:47 DEBUG    Maximum performance in searcher data: 39528.584702793436
2025-03-10 21:40:47 DEBUG    Conformal search iter 70 performance: 4159.338494556498
2025-03-10 21:40:47 DEBUG    Minimum performance in searcher data: 1537.518126819949
2025-03-10 21:40:47 DEBUG    Maximum performance in searcher data: 39528.584702793436
2025-03-10 21:40:47 DEBUG    Conformal search iter 71 performance: 8927.531463441159
2025-03-10 21:40:47 DEBUG    Minimum performance in searcher data: 1537.518126819949
2025-03-10 21:40:47 DEBUG    Maximum performance in searcher data: 39528.584702793436
2025-03-10 21:40:47 DEBUG    Conformal search iter 72 performance: 5792.362542233346
2025-03-10 21:40:47 DEBUG    Minimum performance in searcher data: 1537.518126819949
2025-03-10 21:40:47 DEBUG    Maximum performance in searcher data: 39528.584702793436
2025-03-10 21:40:47 DEBUG    Conformal search iter 73 performance: 4087.6708452763637
2025-03-10 21:40:47 DEBUG    Minimum performance in searcher data: 1537.518126819949
2025-03-10 21:40:47 DEBUG    Maximum performance in searcher data: 39528.584702793436
2025-03-10 21:40:47 DEBUG    Conformal search iter 74 performance: 6445.376634733595
2025-03-10 21:40:47 DEBUG    Minimum performance in searcher data: 1537.518126819949
2025-03-10 21:40:47 DEBUG    Maximum performance in searcher data: 39528.584702793436
2025-03-10 21:40:47 DEBUG    Conformal search iter 75 performance: 4823.827966177864
2025-03-10 21:40:47 DEBUG    Minimum performance in searcher data: 1537.518126819949
2025-03-10 21:40:47 DEBUG    Maximum performance in searcher data: 39528.584702793436
2025-03-10 21:40:48 DEBUG    Conformal search iter 76 performance: 5459.472172282928
2025-03-10 21:40:48 DEBUG    Minimum performance in searcher data: 1537.518126819949
2025-03-10 21:40:48 DEBUG    Maximum performance in searcher data: 39528.584702793436
2025-03-10 21:40:48 DEBUG    Conformal search iter 77 performance: 5471.333030211035
2025-03-10 21:40:48 DEBUG    Minimum performance in searcher data: 1537.518126819949
2025-03-10 21:40:48 DEBUG    Maximum performance in searcher data: 39528.584702793436
2025-03-10 21:40:48 DEBUG    Conformal search iter 78 performance: 10855.748849076766
2025-03-10 21:40:48 DEBUG    Minimum performance in searcher data: 1537.518126819949
2025-03-10 21:40:48 DEBUG    Maximum performance in searcher data: 39528.584702793436
2025-03-10 21:40:48 DEBUG    Conformal search iter 79 performance: 6590.28890800799
2025-03-10 21:40:48 DEBUG    Received 10000 configurations to tabularize.
2025-03-10 21:40:48 DEBUG    Random search iter 0 performance: 39464.95254903141
2025-03-10 21:40:48 DEBUG    Random search iter 1 performance: 23218.285664300078
2025-03-10 21:40:48 DEBUG    Random search iter 2 performance: 21007.689850203253
2025-03-10 21:40:48 DEBUG    Random search iter 3 performance: 21654.46943931292
2025-03-10 21:40:48 DEBUG    Random search iter 4 performance: 21834.90296066797
2025-03-10 21:40:48 DEBUG    Random search iter 5 performance: 18535.35393667276
2025-03-10 21:40:48 DEBUG    Random search iter 6 performance: 15840.461546668943
2025-03-10 21:40:48 DEBUG    Random search iter 7 performance: 9312.097158337616
2025-03-10 21:40:48 DEBUG    Random search iter 8 performance: 43210.326173661495
2025-03-10 21:40:48 DEBUG    Random search iter 9 performance: 29628.187487353985
2025-03-10 21:40:48 DEBUG    Random search iter 10 performance: 32371.86784216945
2025-03-10 21:40:48 DEBUG    Random search iter 11 performance: 15784.31535508074
2025-03-10 21:40:48 DEBUG    Random search iter 12 performance: 22853.64063678967
2025-03-10 21:40:48 DEBUG    Random search iter 13 performance: 31815.902786980696
2025-03-10 21:40:48 DEBUG    Random search iter 14 performance: 15692.836764045447
2025-03-10 21:40:48 DEBUG    Random search iter 15 performance: 18989.763225822502
2025-03-10 21:40:48 DEBUG    Random search iter 16 performance: 44193.047113441084
2025-03-10 21:40:48 DEBUG    Random search iter 17 performance: 13274.943750643204
2025-03-10 21:40:48 DEBUG    Random search iter 18 performance: 19294.29497927484
2025-03-10 21:40:48 DEBUG    Random search iter 19 performance: 32640.723202706464
2025-03-10 21:40:48 DEBUG    Minimum performance in searcher data: 9312.097158337616
2025-03-10 21:40:48 DEBUG    Maximum performance in searcher data: 44193.047113441084
2025-03-10 21:40:48 DEBUG    Conformal search iter 0 performance: 36389.85763831596
2025-03-10 21:40:48 DEBUG    Minimum performance in searcher data: 9312.097158337616
2025-03-10 21:40:48 DEBUG    Maximum performance in searcher data: 44193.047113441084
2025-03-10 21:40:48 DEBUG    Conformal search iter 1 performance: 14220.098414035361
2025-03-10 21:40:48 DEBUG    Minimum performance in searcher data: 9312.097158337616
2025-03-10 21:40:48 DEBUG    Maximum performance in searcher data: 44193.047113441084
2025-03-10 21:40:48 DEBUG    Conformal search iter 2 performance: 12253.655549136969
2025-03-10 21:40:48 DEBUG    Minimum performance in searcher data: 9312.097158337616
2025-03-10 21:40:48 DEBUG    Maximum performance in searcher data: 44193.047113441084
2025-03-10 21:40:48 DEBUG    Conformal search iter 3 performance: 8254.686348010466
2025-03-10 21:40:48 DEBUG    Minimum performance in searcher data: 8254.686348010466
2025-03-10 21:40:48 DEBUG    Maximum performance in searcher data: 44193.047113441084
2025-03-10 21:40:48 DEBUG    Conformal search iter 4 performance: 6590.28890800799
2025-03-10 21:40:48 DEBUG    Minimum performance in searcher data: 6590.28890800799
2025-03-10 21:40:48 DEBUG    Maximum performance in searcher data: 44193.047113441084
2025-03-10 21:40:48 DEBUG    Conformal search iter 5 performance: 14474.832244521644
2025-03-10 21:40:48 DEBUG    Minimum performance in searcher data: 6590.28890800799
2025-03-10 21:40:48 DEBUG    Maximum performance in searcher data: 44193.047113441084
2025-03-10 21:40:48 DEBUG    Conformal search iter 6 performance: 10870.87920845433
2025-03-10 21:40:48 DEBUG    Minimum performance in searcher data: 6590.28890800799
2025-03-10 21:40:48 DEBUG    Maximum performance in searcher data: 44193.047113441084
2025-03-10 21:40:48 DEBUG    Conformal search iter 7 performance: 2813.4796537253455
2025-03-10 21:40:48 DEBUG    Minimum performance in searcher data: 2813.4796537253455
2025-03-10 21:40:48 DEBUG    Maximum performance in searcher data: 44193.047113441084
2025-03-10 21:40:48 DEBUG    Conformal search iter 8 performance: 9962.645249378404
2025-03-10 21:40:48 DEBUG    Minimum performance in searcher data: 2813.4796537253455
2025-03-10 21:40:48 DEBUG    Maximum performance in searcher data: 44193.047113441084
2025-03-10 21:40:48 DEBUG    Conformal search iter 9 performance: 13832.513601341569
2025-03-10 21:40:48 DEBUG    Minimum performance in searcher data: 2813.4796537253455
2025-03-10 21:40:48 DEBUG    Maximum performance in searcher data: 44193.047113441084
2025-03-10 21:40:49 DEBUG    Conformal search iter 10 performance: 11709.245669539156
2025-03-10 21:40:49 DEBUG    Minimum performance in searcher data: 2813.4796537253455
2025-03-10 21:40:49 DEBUG    Maximum performance in searcher data: 44193.047113441084
2025-03-10 21:40:49 DEBUG    Conformal search iter 11 performance: 5444.719255466687
2025-03-10 21:40:49 DEBUG    Minimum performance in searcher data: 2813.4796537253455
2025-03-10 21:40:49 DEBUG    Maximum performance in searcher data: 44193.047113441084
2025-03-10 21:40:49 DEBUG    Conformal search iter 12 performance: 10916.447536872547
2025-03-10 21:40:49 DEBUG    Minimum performance in searcher data: 2813.4796537253455
2025-03-10 21:40:49 DEBUG    Maximum performance in searcher data: 44193.047113441084
2025-03-10 21:40:49 DEBUG    Conformal search iter 13 performance: 8909.762545420308
2025-03-10 21:40:49 DEBUG    Minimum performance in searcher data: 2813.4796537253455
2025-03-10 21:40:49 DEBUG    Maximum performance in searcher data: 44193.047113441084
2025-03-10 21:40:49 DEBUG    Conformal search iter 14 performance: 7755.2944015665635
2025-03-10 21:40:49 DEBUG    Minimum performance in searcher data: 2813.4796537253455
2025-03-10 21:40:49 DEBUG    Maximum performance in searcher data: 44193.047113441084
2025-03-10 21:40:49 DEBUG    Conformal search iter 15 performance: 8916.248522462123
2025-03-10 21:40:49 DEBUG    Minimum performance in searcher data: 2813.4796537253455
2025-03-10 21:40:49 DEBUG    Maximum performance in searcher data: 44193.047113441084
2025-03-10 21:40:49 DEBUG    Conformal search iter 16 performance: 4088.0519475603696
2025-03-10 21:40:49 DEBUG    Minimum performance in searcher data: 2813.4796537253455
2025-03-10 21:40:49 DEBUG    Maximum performance in searcher data: 44193.047113441084
2025-03-10 21:40:49 DEBUG    Conformal search iter 17 performance: 8368.511453483348
2025-03-10 21:40:49 DEBUG    Minimum performance in searcher data: 2813.4796537253455
2025-03-10 21:40:49 DEBUG    Maximum performance in searcher data: 44193.047113441084
2025-03-10 21:40:49 DEBUG    Conformal search iter 18 performance: 9814.798350586387
2025-03-10 21:40:49 DEBUG    Minimum performance in searcher data: 2813.4796537253455
2025-03-10 21:40:49 DEBUG    Maximum performance in searcher data: 44193.047113441084
2025-03-10 21:40:49 DEBUG    Conformal search iter 19 performance: 15903.335038054689
2025-03-10 21:40:49 DEBUG    Minimum performance in searcher data: 2813.4796537253455
2025-03-10 21:40:49 DEBUG    Maximum performance in searcher data: 44193.047113441084
2025-03-10 21:40:49 DEBUG    Conformal search iter 20 performance: 17997.453578478046
2025-03-10 21:40:49 DEBUG    Minimum performance in searcher data: 2813.4796537253455
2025-03-10 21:40:49 DEBUG    Maximum performance in searcher data: 44193.047113441084
2025-03-10 21:40:49 DEBUG    Conformal search iter 21 performance: 7116.857561269822
2025-03-10 21:40:49 DEBUG    Minimum performance in searcher data: 2813.4796537253455
2025-03-10 21:40:49 DEBUG    Maximum performance in searcher data: 44193.047113441084
2025-03-10 21:40:49 DEBUG    Conformal search iter 22 performance: 5164.514885464043
2025-03-10 21:40:49 DEBUG    Minimum performance in searcher data: 2813.4796537253455
2025-03-10 21:40:49 DEBUG    Maximum performance in searcher data: 44193.047113441084
2025-03-10 21:40:49 DEBUG    Conformal search iter 23 performance: 17802.54921988926
2025-03-10 21:40:49 DEBUG    Minimum performance in searcher data: 2813.4796537253455
2025-03-10 21:40:49 DEBUG    Maximum performance in searcher data: 44193.047113441084
2025-03-10 21:40:49 DEBUG    Conformal search iter 24 performance: 7346.739808204274
2025-03-10 21:40:49 DEBUG    Minimum performance in searcher data: 2813.4796537253455
2025-03-10 21:40:49 DEBUG    Maximum performance in searcher data: 44193.047113441084
2025-03-10 21:40:49 DEBUG    Conformal search iter 25 performance: 15685.489458989196
2025-03-10 21:40:49 DEBUG    Minimum performance in searcher data: 2813.4796537253455
2025-03-10 21:40:49 DEBUG    Maximum performance in searcher data: 44193.047113441084
2025-03-10 21:40:49 DEBUG    Conformal search iter 26 performance: 9016.9416307375
2025-03-10 21:40:49 DEBUG    Minimum performance in searcher data: 2813.4796537253455
2025-03-10 21:40:49 DEBUG    Maximum performance in searcher data: 44193.047113441084
2025-03-10 21:40:49 DEBUG    Conformal search iter 27 performance: 10593.742029783867
2025-03-10 21:40:49 DEBUG    Minimum performance in searcher data: 2813.4796537253455
2025-03-10 21:40:49 DEBUG    Maximum performance in searcher data: 44193.047113441084
2025-03-10 21:40:49 DEBUG    Conformal search iter 28 performance: 3503.6638689411407
2025-03-10 21:40:49 DEBUG    Minimum performance in searcher data: 2813.4796537253455
2025-03-10 21:40:49 DEBUG    Maximum performance in searcher data: 44193.047113441084
2025-03-10 21:40:50 DEBUG    Conformal search iter 29 performance: 3269.27391198009
2025-03-10 21:40:50 DEBUG    Minimum performance in searcher data: 2813.4796537253455
2025-03-10 21:40:50 DEBUG    Maximum performance in searcher data: 44193.047113441084
2025-03-10 21:40:50 DEBUG    Conformal search iter 30 performance: 2541.055415092373
2025-03-10 21:40:50 DEBUG    Minimum performance in searcher data: 2541.055415092373
2025-03-10 21:40:50 DEBUG    Maximum performance in searcher data: 44193.047113441084
2025-03-10 21:40:50 DEBUG    Conformal search iter 31 performance: 6210.129948587625
2025-03-10 21:40:50 DEBUG    Minimum performance in searcher data: 2541.055415092373
2025-03-10 21:40:50 DEBUG    Maximum performance in searcher data: 44193.047113441084
2025-03-10 21:40:50 DEBUG    Conformal search iter 32 performance: 2517.193163133387
2025-03-10 21:40:50 DEBUG    Minimum performance in searcher data: 2517.193163133387
2025-03-10 21:40:50 DEBUG    Maximum performance in searcher data: 44193.047113441084
2025-03-10 21:40:50 DEBUG    Conformal search iter 33 performance: 7752.2782795093835
2025-03-10 21:40:50 DEBUG    Minimum performance in searcher data: 2517.193163133387
2025-03-10 21:40:50 DEBUG    Maximum performance in searcher data: 44193.047113441084
2025-03-10 21:40:50 DEBUG    Conformal search iter 34 performance: 11499.791960617238
2025-03-10 21:40:50 DEBUG    Minimum performance in searcher data: 2517.193163133387
2025-03-10 21:40:50 DEBUG    Maximum performance in searcher data: 44193.047113441084
2025-03-10 21:40:50 DEBUG    Conformal search iter 35 performance: 6641.056358905101
2025-03-10 21:40:50 DEBUG    Minimum performance in searcher data: 2517.193163133387
2025-03-10 21:40:50 DEBUG    Maximum performance in searcher data: 44193.047113441084
2025-03-10 21:40:50 DEBUG    Conformal search iter 36 performance: 1537.518126819949
2025-03-10 21:40:50 DEBUG    Minimum performance in searcher data: 1537.518126819949
2025-03-10 21:40:50 DEBUG    Maximum performance in searcher data: 44193.047113441084
2025-03-10 21:40:50 DEBUG    Conformal search iter 37 performance: 6099.114188869122
2025-03-10 21:40:50 DEBUG    Minimum performance in searcher data: 1537.518126819949
2025-03-10 21:40:50 DEBUG    Maximum performance in searcher data: 44193.047113441084
2025-03-10 21:40:50 DEBUG    Conformal search iter 38 performance: 6081.31219495339
2025-03-10 21:40:50 DEBUG    Minimum performance in searcher data: 1537.518126819949
2025-03-10 21:40:50 DEBUG    Maximum performance in searcher data: 44193.047113441084
2025-03-10 21:40:50 DEBUG    Conformal search iter 39 performance: 2863.7769047129086
2025-03-10 21:40:50 DEBUG    Minimum performance in searcher data: 1537.518126819949
2025-03-10 21:40:50 DEBUG    Maximum performance in searcher data: 44193.047113441084
2025-03-10 21:40:50 DEBUG    Conformal search iter 40 performance: 2807.1241228512554
2025-03-10 21:40:50 DEBUG    Minimum performance in searcher data: 1537.518126819949
2025-03-10 21:40:50 DEBUG    Maximum performance in searcher data: 44193.047113441084
2025-03-10 21:40:50 DEBUG    Conformal search iter 41 performance: 2321.347357667601
2025-03-10 21:40:50 DEBUG    Minimum performance in searcher data: 1537.518126819949
2025-03-10 21:40:50 DEBUG    Maximum performance in searcher data: 44193.047113441084
2025-03-10 21:40:50 DEBUG    Conformal search iter 42 performance: 5459.472172282928
2025-03-10 21:40:50 DEBUG    Minimum performance in searcher data: 1537.518126819949
2025-03-10 21:40:50 DEBUG    Maximum performance in searcher data: 44193.047113441084
2025-03-10 21:40:50 DEBUG    Conformal search iter 43 performance: 5210.335409758472
2025-03-10 21:40:50 DEBUG    Minimum performance in searcher data: 1537.518126819949
2025-03-10 21:40:50 DEBUG    Maximum performance in searcher data: 44193.047113441084
2025-03-10 21:40:50 DEBUG    Conformal search iter 44 performance: 5235.952979842396
2025-03-10 21:40:50 DEBUG    Minimum performance in searcher data: 1537.518126819949
2025-03-10 21:40:50 DEBUG    Maximum performance in searcher data: 44193.047113441084
2025-03-10 21:40:50 DEBUG    Conformal search iter 45 performance: 9334.415939470022
2025-03-10 21:40:50 DEBUG    Minimum performance in searcher data: 1537.518126819949
2025-03-10 21:40:50 DEBUG    Maximum performance in searcher data: 44193.047113441084
2025-03-10 21:40:50 DEBUG    Conformal search iter 46 performance: 7380.79718080746
2025-03-10 21:40:50 DEBUG    Minimum performance in searcher data: 1537.518126819949
2025-03-10 21:40:50 DEBUG    Maximum performance in searcher data: 44193.047113441084
2025-03-10 21:40:50 DEBUG    Conformal search iter 47 performance: 9680.70307592499
2025-03-10 21:40:50 DEBUG    Minimum performance in searcher data: 1537.518126819949
2025-03-10 21:40:50 DEBUG    Maximum performance in searcher data: 44193.047113441084
2025-03-10 21:40:50 DEBUG    Conformal search iter 48 performance: 6972.499119016043
2025-03-10 21:40:50 DEBUG    Minimum performance in searcher data: 1537.518126819949
2025-03-10 21:40:50 DEBUG    Maximum performance in searcher data: 44193.047113441084
2025-03-10 21:40:51 DEBUG    Conformal search iter 49 performance: 4436.271416337641
2025-03-10 21:40:51 DEBUG    Minimum performance in searcher data: 1537.518126819949
2025-03-10 21:40:51 DEBUG    Maximum performance in searcher data: 44193.047113441084
2025-03-10 21:40:51 DEBUG    Conformal search iter 50 performance: 5931.015170775943
2025-03-10 21:40:51 DEBUG    Minimum performance in searcher data: 1537.518126819949
2025-03-10 21:40:51 DEBUG    Maximum performance in searcher data: 44193.047113441084
2025-03-10 21:40:51 DEBUG    Conformal search iter 51 performance: 5850.146365570636
2025-03-10 21:40:51 DEBUG    Minimum performance in searcher data: 1537.518126819949
2025-03-10 21:40:51 DEBUG    Maximum performance in searcher data: 44193.047113441084
2025-03-10 21:40:51 DEBUG    Conformal search iter 52 performance: 10212.16465812635
2025-03-10 21:40:51 DEBUG    Minimum performance in searcher data: 1537.518126819949
2025-03-10 21:40:51 DEBUG    Maximum performance in searcher data: 44193.047113441084
2025-03-10 21:40:51 DEBUG    Conformal search iter 53 performance: 4029.175055985744
2025-03-10 21:40:51 DEBUG    Minimum performance in searcher data: 1537.518126819949
2025-03-10 21:40:51 DEBUG    Maximum performance in searcher data: 44193.047113441084
2025-03-10 21:40:51 DEBUG    Conformal search iter 54 performance: 5339.535295282973
2025-03-10 21:40:51 DEBUG    Minimum performance in searcher data: 1537.518126819949
2025-03-10 21:40:51 DEBUG    Maximum performance in searcher data: 44193.047113441084
2025-03-10 21:40:51 DEBUG    Conformal search iter 55 performance: 6749.847228844617
2025-03-10 21:40:51 DEBUG    Minimum performance in searcher data: 1537.518126819949
2025-03-10 21:40:51 DEBUG    Maximum performance in searcher data: 44193.047113441084
2025-03-10 21:40:51 DEBUG    Conformal search iter 56 performance: 5820.3496375147915
2025-03-10 21:40:51 DEBUG    Minimum performance in searcher data: 1537.518126819949
2025-03-10 21:40:51 DEBUG    Maximum performance in searcher data: 44193.047113441084
2025-03-10 21:40:51 DEBUG    Conformal search iter 57 performance: 3572.8441011807854
2025-03-10 21:40:51 DEBUG    Minimum performance in searcher data: 1537.518126819949
2025-03-10 21:40:51 DEBUG    Maximum performance in searcher data: 44193.047113441084
2025-03-10 21:40:51 DEBUG    Conformal search iter 58 performance: 5063.787441154218
2025-03-10 21:40:51 DEBUG    Minimum performance in searcher data: 1537.518126819949
2025-03-10 21:40:51 DEBUG    Maximum performance in searcher data: 44193.047113441084
2025-03-10 21:40:51 DEBUG    Conformal search iter 59 performance: 8727.093196572958
2025-03-10 21:40:51 DEBUG    Minimum performance in searcher data: 1537.518126819949
2025-03-10 21:40:51 DEBUG    Maximum performance in searcher data: 44193.047113441084
2025-03-10 21:40:51 DEBUG    Conformal search iter 60 performance: 7719.352908859688
2025-03-10 21:40:51 DEBUG    Minimum performance in searcher data: 1537.518126819949
2025-03-10 21:40:51 DEBUG    Maximum performance in searcher data: 44193.047113441084
2025-03-10 21:40:51 DEBUG    Conformal search iter 61 performance: 8015.592373802377
2025-03-10 21:40:51 DEBUG    Minimum performance in searcher data: 1537.518126819949
2025-03-10 21:40:51 DEBUG    Maximum performance in searcher data: 44193.047113441084
2025-03-10 21:40:51 DEBUG    Conformal search iter 62 performance: 13511.79440321469
2025-03-10 21:40:51 DEBUG    Minimum performance in searcher data: 1537.518126819949
2025-03-10 21:40:51 DEBUG    Maximum performance in searcher data: 44193.047113441084
2025-03-10 21:40:51 DEBUG    Conformal search iter 63 performance: 4579.179820111574
2025-03-10 21:40:51 DEBUG    Minimum performance in searcher data: 1537.518126819949
2025-03-10 21:40:51 DEBUG    Maximum performance in searcher data: 44193.047113441084
2025-03-10 21:40:51 DEBUG    Conformal search iter 64 performance: 7053.026729920252
2025-03-10 21:40:51 DEBUG    Minimum performance in searcher data: 1537.518126819949
2025-03-10 21:40:51 DEBUG    Maximum performance in searcher data: 44193.047113441084
2025-03-10 21:40:51 DEBUG    Conformal search iter 65 performance: 6486.89239953672
2025-03-10 21:40:51 DEBUG    Minimum performance in searcher data: 1537.518126819949
2025-03-10 21:40:51 DEBUG    Maximum performance in searcher data: 44193.047113441084
2025-03-10 21:40:51 DEBUG    Conformal search iter 66 performance: 3438.0059162545767
2025-03-10 21:40:51 DEBUG    Minimum performance in searcher data: 1537.518126819949
2025-03-10 21:40:51 DEBUG    Maximum performance in searcher data: 44193.047113441084
2025-03-10 21:40:51 DEBUG    Conformal search iter 67 performance: 5222.822545239131
2025-03-10 21:40:51 DEBUG    Minimum performance in searcher data: 1537.518126819949
2025-03-10 21:40:51 DEBUG    Maximum performance in searcher data: 44193.047113441084
2025-03-10 21:40:52 DEBUG    Conformal search iter 68 performance: 6364.919354594778
2025-03-10 21:40:52 DEBUG    Minimum performance in searcher data: 1537.518126819949
2025-03-10 21:40:52 DEBUG    Maximum performance in searcher data: 44193.047113441084
2025-03-10 21:40:52 DEBUG    Conformal search iter 69 performance: 4159.338494556498
2025-03-10 21:40:52 DEBUG    Minimum performance in searcher data: 1537.518126819949
2025-03-10 21:40:52 DEBUG    Maximum performance in searcher data: 44193.047113441084
2025-03-10 21:40:52 DEBUG    Conformal search iter 70 performance: 5918.664793349116
2025-03-10 21:40:52 DEBUG    Minimum performance in searcher data: 1537.518126819949
2025-03-10 21:40:52 DEBUG    Maximum performance in searcher data: 44193.047113441084
2025-03-10 21:40:52 DEBUG    Conformal search iter 71 performance: 8487.849367903018
2025-03-10 21:40:52 DEBUG    Minimum performance in searcher data: 1537.518126819949
2025-03-10 21:40:52 DEBUG    Maximum performance in searcher data: 44193.047113441084
2025-03-10 21:40:52 DEBUG    Conformal search iter 72 performance: 4483.3644003416275
2025-03-10 21:40:52 DEBUG    Minimum performance in searcher data: 1537.518126819949
2025-03-10 21:40:52 DEBUG    Maximum performance in searcher data: 44193.047113441084
2025-03-10 21:40:52 DEBUG    Conformal search iter 73 performance: 6600.124505177752
2025-03-10 21:40:52 DEBUG    Minimum performance in searcher data: 1537.518126819949
2025-03-10 21:40:52 DEBUG    Maximum performance in searcher data: 44193.047113441084
2025-03-10 21:40:52 DEBUG    Conformal search iter 74 performance: 5950.862267079937
2025-03-10 21:40:52 DEBUG    Minimum performance in searcher data: 1537.518126819949
2025-03-10 21:40:52 DEBUG    Maximum performance in searcher data: 44193.047113441084
2025-03-10 21:40:52 DEBUG    Conformal search iter 75 performance: 5011.798221607026
2025-03-10 21:40:52 DEBUG    Minimum performance in searcher data: 1537.518126819949
2025-03-10 21:40:52 DEBUG    Maximum performance in searcher data: 44193.047113441084
2025-03-10 21:40:52 DEBUG    Conformal search iter 76 performance: 6647.804918286225
2025-03-10 21:40:52 DEBUG    Minimum performance in searcher data: 1537.518126819949
2025-03-10 21:40:52 DEBUG    Maximum performance in searcher data: 44193.047113441084
2025-03-10 21:40:52 DEBUG    Conformal search iter 77 performance: 4362.950037675548
2025-03-10 21:40:52 DEBUG    Minimum performance in searcher data: 1537.518126819949
2025-03-10 21:40:52 DEBUG    Maximum performance in searcher data: 44193.047113441084
2025-03-10 21:40:52 DEBUG    Conformal search iter 78 performance: 4204.868441435088
2025-03-10 21:40:52 DEBUG    Minimum performance in searcher data: 1537.518126819949
2025-03-10 21:40:52 DEBUG    Maximum performance in searcher data: 44193.047113441084
2025-03-10 21:40:52 DEBUG    Conformal search iter 79 performance: 7423.0069952997255
